<?xml version="1.0" encoding="UTF-8"?>
<!-- Generated by org.testng.reporters.JUnitReportReporter -->
<testsuite hostname="LAPTOP-D9T7C3CD" failures="0" tests="1" name="mukeshOtwani.ScrollPage" time="7.518" errors="0" timestamp="2022-07-19T13:57:38 IST" skipped="0">
  <testcase classname="mukeshOtwani.ScrollPage" name="scrollPageDown" time="7.518"/>
  <system-out/>
</testsuite> <!-- mukeshOtwani.ScrollPage -->
