<?xml version="1.0" encoding="UTF-8"?>
<!-- Generated by org.testng.reporters.JUnitReportReporter -->
<testsuite hostname="LAPTOP-D9T7C3CD" failures="0" tests="3" name="mukeshOtwaniTestNG.MyApplication1" time="0.013" errors="0" timestamp="2022-08-02T17:55:23 IST" skipped="0">
  <testcase classname="mukeshOtwaniTestNG.MyApplication1" name="loginApp" time="0.000"/>
  <system-out/>
  <testcase classname="mukeshOtwaniTestNG.MyApplication1" name="logoutApp" time="0.002"/>
  <system-out/>
  <testcase classname="mukeshOtwaniTestNG.MyApplication1" name="startApp" time="0.011"/>
  <system-out/>
</testsuite> <!-- mukeshOtwaniTestNG.MyApplication1 -->
