<?xml version="1.0" encoding="UTF-8"?>
<!-- Generated by org.testng.reporters.JUnitReportReporter -->
<testsuite hostname="LAPTOP-D9T7C3CD" failures="0" tests="1" name="mukeshOtwani.ScrollForElement" time="8.429" errors="0" timestamp="2022-07-19T15:36:07 IST" skipped="0">
  <testcase classname="mukeshOtwani.ScrollForElement" name="scrolling" time="8.429"/>
  <system-out/>
</testsuite> <!-- mukeshOtwani.ScrollForElement -->
