<?xml version="1.0" encoding="UTF-8"?>
<!-- Generated by org.testng.reporters.JUnitReportReporter -->
<testsuite hostname="LAPTOP-D9T7C3CD" failures="0" tests="10" name="naveenlabTestng.InvocationCountTest" time="0.028" errors="0" timestamp="2022-07-23T12:39:15 IST" skipped="0">
  <testcase classname="naveenlabTestng.InvocationCountTest" name="sum" time="0.001"/>
  <system-out/>
  <testcase classname="naveenlabTestng.InvocationCountTest" name="sum" time="0.001"/>
  <system-out/>
  <testcase classname="naveenlabTestng.InvocationCountTest" name="sum" time="0.001"/>
  <system-out/>
  <testcase classname="naveenlabTestng.InvocationCountTest" name="sum" time="0.012"/>
  <system-out/>
  <testcase classname="naveenlabTestng.InvocationCountTest" name="sum" time="0.005"/>
  <system-out/>
  <testcase classname="naveenlabTestng.InvocationCountTest" name="sum" time="0.002"/>
  <system-out/>
  <testcase classname="naveenlabTestng.InvocationCountTest" name="sum" time="0.002"/>
  <system-out/>
  <testcase classname="naveenlabTestng.InvocationCountTest" name="sum" time="0.002"/>
  <system-out/>
  <testcase classname="naveenlabTestng.InvocationCountTest" name="sum" time="0.001"/>
  <system-out/>
  <testcase classname="naveenlabTestng.InvocationCountTest" name="sum" time="0.001"/>
  <system-out/>
</testsuite> <!-- naveenlabTestng.InvocationCountTest -->
