<?xml version="1.0" encoding="UTF-8"?>
<!-- Generated by org.testng.reporters.JUnitReportReporter -->
<testsuite hostname="LAPTOP-D9T7C3CD" failures="0" tests="1" name="naveenlabTestng.ParameterTest" time="11.837" errors="0" timestamp="2022-07-25T18:19:25 IST" skipped="0">
  <testcase classname="naveenlabTestng.ParameterTest" name="yahooLoginTest" time="11.837"/>
  <system-out/>
</testsuite> <!-- naveenlabTestng.ParameterTest -->
