<?xml version="1.0" encoding="UTF-8"?>
<!-- Generated by org.testng.reporters.JUnitReportReporter -->
<testsuite hostname="LAPTOP-D9T7C3CD" failures="0" tests="2" name="sDET_TestNG.TestCase2" time="0.012" errors="0" timestamp="2022-07-18T16:22:17 IST" skipped="0">
  <testcase classname="sDET_TestNG.TestCase2" name="test4" time="0.003"/>
  <system-out/>
  <testcase classname="sDET_TestNG.TestCase2" name="test3" time="0.009"/>
  <system-out/>
</testsuite> <!-- sDET_TestNG.TestCase2 -->
