<?xml version="1.0" encoding="UTF-8"?>
<!-- Generated by org.testng.reporters.JUnitReportReporter -->
<testsuite hostname="LAPTOP-D9T7C3CD" failures="0" tests="6" name="naveenlabTestng.GoogleTest" time="50.775" errors="0" timestamp="2022-07-23T13:29:07 IST" skipped="0">
  <testcase classname="naveenlabTestng.GoogleTest" name="googleTitleTest" time="11.250"/>
  <system-out/>
  <testcase classname="naveenlabTestng.GoogleTest" name="maillinkTest" time="9.714"/>
  <system-out/>
  <testcase classname="naveenlabTestng.GoogleTest" name="googlelogoTest" time="10.339"/>
  <system-out/>
  <testcase classname="naveenlabTestng.GoogleTest" name="test1" time="8.245"/>
  <system-out/>
  <testcase classname="naveenlabTestng.GoogleTest" name="test2" time="5.367"/>
  <system-out/>
  <testcase classname="naveenlabTestng.GoogleTest" name="test3" time="5.860"/>
  <system-out/>
</testsuite> <!-- naveenlabTestng.GoogleTest -->
