<?xml version="1.0" encoding="UTF-8"?>
<!-- Generated by org.testng.reporters.JUnitReportReporter -->
<testsuite hostname="LAPTOP-D9T7C3CD" failures="0" tests="2" name="sDET_TestNG.TestCase1" time="0.013" errors="0" timestamp="2022-07-18T16:18:05 IST" skipped="0">
  <testcase classname="sDET_TestNG.TestCase1" name="test2" time="0.004"/>
  <system-out/>
  <testcase classname="sDET_TestNG.TestCase1" name="test1" time="0.009"/>
  <system-out/>
</testsuite> <!-- sDET_TestNG.TestCase1 -->
