<?xml version="1.0" encoding="UTF-8"?>
<!-- Generated by org.testng.reporters.JUnitReportReporter -->
<testsuite hostname="LAPTOP-D9T7C3CD" failures="0" tests="5" name="sDET_TestNG.GroupingExample" time="0.018" errors="0" timestamp="2022-07-20T21:28:43 IST" skipped="0">
  <testcase classname="sDET_TestNG.GroupingExample" name="test1" time="0.010"/>
  <system-out/>
  <testcase classname="sDET_TestNG.GroupingExample" name="test3" time="0.003"/>
  <system-out/>
  <testcase classname="sDET_TestNG.GroupingExample" name="test2" time="0.002"/>
  <system-out/>
  <testcase classname="sDET_TestNG.GroupingExample" name="test4" time="0.002"/>
  <system-out/>
  <testcase classname="sDET_TestNG.GroupingExample" name="test5" time="0.001"/>
  <system-out/>
</testsuite> <!-- sDET_TestNG.GroupingExample -->
