<?xml version="1.0" encoding="UTF-8"?>
<!-- Generated by org.testng.reporters.JUnitReportReporter -->
<testsuite hostname="LAPTOP-D9T7C3CD" failures="0" tests="3" name="mukeshOtwaniTestNG.FirstTestNGScript" time="0.021" errors="0" timestamp="2022-07-24T00:08:55 IST" skipped="0">
  <testcase classname="mukeshOtwaniTestNG.FirstTestNGScript" name="loginApplication" time="0.012"/>
  <system-out/>
  <testcase classname="mukeshOtwaniTestNG.FirstTestNGScript" name="SelectItems" time="0.002"/>
  <system-out/>
  <testcase classname="mukeshOtwaniTestNG.FirstTestNGScript" name="Checkout" time="0.007"/>
  <system-out/>
</testsuite> <!-- mukeshOtwaniTestNG.FirstTestNGScript -->
