<?xml version="1.0" encoding="UTF-8"?>
<!-- Generated by org.testng.reporters.JUnitReportReporter -->
<testsuite hostname="LAPTOP-D9T7C3CD" failures="0" tests="4" name="naveenlabTestng.TestNGFeatures" time="0.016" errors="0" timestamp="2022-07-23T12:32:27 IST" skipped="0">
  <testcase classname="naveenlabTestng.TestNGFeatures" name="SearchPageTest" time="0.001"/>
  <system-out/>
  <testcase classname="naveenlabTestng.TestNGFeatures" name="loginTest" time="0.012"/>
  <system-out/>
  <testcase classname="naveenlabTestng.TestNGFeatures" name="HomePageTest" time="0.002"/>
  <system-out/>
  <testcase classname="naveenlabTestng.TestNGFeatures" name="RegPageTest" time="0.001"/>
  <system-out/>
</testsuite> <!-- naveenlabTestng.TestNGFeatures -->
