<?xml version="1.0" encoding="UTF-8"?>
<!-- Generated by org.testng.reporters.JUnitReportReporter -->
<testsuite hostname="LAPTOP-D9T7C3CD" failures="0" tests="3" name="sDET_TestNG.FirstTestCase" time="0.013" errors="0" timestamp="2022-07-18T17:57:41 IST" skipped="0">
  <testcase classname="sDET_TestNG.FirstTestCase" name="setup" time="0.010"/>
  <system-out/>
  <testcase classname="sDET_TestNG.FirstTestCase" name="login" time="0.002"/>
  <system-out/>
  <testcase classname="sDET_TestNG.FirstTestCase" name="teardown" time="0.001"/>
  <system-out/>
</testsuite> <!-- sDET_TestNG.FirstTestCase -->
