<?xml version="1.0" encoding="UTF-8"?>
<!-- Generated by org.testng.reporters.JUnitReportReporter -->
<testsuite hostname="LAPTOP-D9T7C3CD" failures="0" tests="4" name="naveenlabTestng.YahooMailTest" time="0.014" errors="0" timestamp="2022-08-06T14:33:34 IST" skipped="1">
  <testcase classname="naveenlabTestng.YahooMailTest" name="sentItemsMailTest" time="0.009"/>
  <system-out/>
  <testcase classname="naveenlabTestng.YahooMailTest" name="compositeMailTest" time="0.003"/>
  <system-out/>
  <testcase classname="naveenlabTestng.YahooMailTest" name="searchMailTest" time="0.002"/>
  <system-out/>
  <testcase classname="naveenlabTestng.YahooMailTest" name="deleteMailTest">
    <skipped/>
  </testcase> <!-- deleteMailTest -->
  <system-out/>
</testsuite> <!-- naveenlabTestng.YahooMailTest -->
