<?xml version="1.0" encoding="UTF-8"?>
<!-- Generated by org.testng.reporters.JUnitReportReporter -->
<testsuite hostname="LAPTOP-D9T7C3CD" failures="0" tests="3" name="sDET_TestNG.DataProviderExample" time="0.015" errors="0" timestamp="2022-08-06T14:20:13 IST" skipped="0">
  <testcase classname="sDET_TestNG.DataProviderExample" name="loginTest" time="0.002"/>
  <system-out/>
  <testcase classname="sDET_TestNG.DataProviderExample" name="loginTest" time="0.002"/>
  <system-out/>
  <testcase classname="sDET_TestNG.DataProviderExample" name="loginTest" time="0.011"/>
  <system-out/>
</testsuite> <!-- sDET_TestNG.DataProviderExample -->
