<?xml version="1.0" encoding="UTF-8"?>
<!-- Generated by org.testng.reporters.JUnitReportReporter -->
<testsuite hostname="LAPTOP-D9T7C3CD" failures="0" tests="4" name="sDET_TestNG.PriorityExample" time="0.020" errors="0" timestamp="2022-07-24T19:17:33 IST" skipped="1">
  <testcase classname="sDET_TestNG.PriorityExample" name="TestOne" time="0.010"/>
  <system-out/>
  <testcase classname="sDET_TestNG.PriorityExample" name="TestTwo" time="0.006"/>
  <system-out/>
  <testcase classname="sDET_TestNG.PriorityExample" name="TestThree" time="0.004"/>
  <system-out/>
  <testcase classname="sDET_TestNG.PriorityExample" name="TestFour">
    <skipped/>
  </testcase> <!-- TestFour -->
  <system-out/>
</testsuite> <!-- sDET_TestNG.PriorityExample -->
